<?xml version="1.0" encoding="UTF-8"?>
<!-- Generated by org.testng.reporters.JUnitReportReporter -->
<testsuite skipped="0" hostname="INENROYS19L1C" name="com.qa.APITest.prac.APITest" tests="1" failures="0" timestamp="13 Feb 2019 19:48:54 GMT" time="3.369" errors="0">
  <testcase name="UserDefinedTestCase" time="3.369" classname="com.qa.APITest.prac.APITest"/>
</testsuite> <!-- com.qa.APITest.prac.APITest -->
